<?xml version="1.0" encoding="UTF-8"?>
<testng-results skipped="0" failed="0" ignored="0" total="2" passed="2">
  <reporter-output>
  </reporter-output>
  <suite name="Command line suite" duration-ms="126" started-at="2018-05-15T16:00:04Z" finished-at="2018-05-15T16:00:04Z">
    <groups>
    </groups>
    <test name="Command line test" duration-ms="126" started-at="2018-05-15T16:00:04Z" finished-at="2018-05-15T16:00:04Z">
      <class name="com.kartik.services.UserServiceTest">
        <test-method status="PASS" signature="addition()[pri:0, instance:com.kartik.services.UserServiceTest@59ec2012]" name="addition" duration-ms="68" started-at="2018-05-15T16:00:04Z" finished-at="2018-05-15T16:00:04Z">
          <reporter-output>
          </reporter-output>
        </test-method> <!-- addition -->
        <test-method status="PASS" signature="getUserDetails()[pri:0, instance:com.kartik.services.UserServiceTest@59ec2012]" name="getUserDetails" duration-ms="18" started-at="2018-05-15T16:00:04Z" finished-at="2018-05-15T16:00:04Z">
          <reporter-output>
          </reporter-output>
        </test-method> <!-- getUserDetails -->
      </class> <!-- com.kartik.services.UserServiceTest -->
    </test> <!-- Command line test -->
  </suite> <!-- Command line suite -->
</testng-results>
